# JRE version: OpenJDK Runtime Environment (8.0_112-b224) (build 1.8.0_112-release-b736)
# Java VM: OpenJDK 64-Bit Server VM (25.112-b736 mixed mode linux-amd64 compressed oops)
Heap:
 PSYoungGen      total 444416K, used 377366K [0x00000000e0000000, 0x00000000ffd80000, 0x0000000100000000)
  eden space 369152K, 100% used [0x00000000e0000000,0x00000000f6880000,0x00000000f6880000)
  from space 75264K, 10% used [0x00000000fb280000,0x00000000fba85a80,0x00000000ffc00000)
  to   space 75776K, 45% used [0x00000000f6880000,0x00000000f8a38000,0x00000000fb280000)
 ParOldGen       total 1022976K, used 850106K [0x00000000a0000000, 0x00000000de700000, 0x00000000e0000000)
  object space 1022976K, 83% used [0x00000000a0000000,0x00000000d3e2e840,0x00000000de700000)
 Metaspace       used 84344K, capacity 86998K, committed 87040K, reserved 1126400K
  class space    used 10482K, capacity 10981K, committed 11008K, reserved 1048576K
GC Heap History (10 events):
Event: 805.501 GC heap after
Heap after GC invocations=86 (full 8):
 PSYoungGen      total 435200K, used 55216K [0x00000000e0000000, 0x0000000100000000, 0x0000000100000000)
  eden space 355840K, 0% used [0x00000000e0000000,0x00000000e0000000,0x00000000f5b80000)
  from space 79360K, 69% used [0x00000000fab80000,0x00000000fe16c070,0x00000000ff900000)
  to   space 81920K, 0% used [0x00000000f5b80000,0x00000000f5b80000,0x00000000fab80000)
 ParOldGen       total 623616K, used 445563K [0x00000000a0000000, 0x00000000c6100000, 0x00000000e0000000)
  object space 623616K, 71% used [0x00000000a0000000,0x00000000bb31ef98,0x00000000c6100000)
 Metaspace       used 84331K, capacity 86934K, committed 87040K, reserved 1126400K
  class space    used 10482K, capacity 10981K, committed 11008K, reserved 1048576K
}
Event: 806.089 GC heap before
{Heap before GC invocations=87 (full 8):
 PSYoungGen      total 435200K, used 411056K [0x00000000e0000000, 0x0000000100000000, 0x0000000100000000)
  eden space 355840K, 100% used [0x00000000e0000000,0x00000000f5b80000,0x00000000f5b80000)
  from space 79360K, 69% used [0x00000000fab80000,0x00000000fe16c070,0x00000000ff900000)
  to   space 81920K, 0% used [0x00000000f5b80000,0x00000000f5b80000,0x00000000fab80000)
 ParOldGen       total 623616K, used 445563K [0x00000000a0000000, 0x00000000c6100000, 0x00000000e0000000)
  object space 623616K, 71% used [0x00000000a0000000,0x00000000bb31ef98,0x00000000c6100000)
 Metaspace       used 84331K, capacity 86934K, committed 87040K, reserved 1126400K
  class space    used 10482K, capacity 10981K, committed 11008K, reserved 1048576K
Event: 806.108 GC heap after
Heap after GC invocations=87 (full 8):
 PSYoungGen      total 437760K, used 11685K [0x00000000e0000000, 0x0000000100000000, 0x0000000100000000)
  eden space 355840K, 0% used [0x00000000e0000000,0x00000000e0000000,0x00000000f5b80000)
  from space 81920K, 14% used [0x00000000f5b80000,0x00000000f66e9560,0x00000000fab80000)
  to   space 82432K, 0% used [0x00000000faf80000,0x00000000faf80000,0x0000000100000000)
 ParOldGen       total 623616K, used 445595K [0x00000000a0000000, 0x00000000c6100000, 0x00000000e0000000)
  object space 623616K, 71% used [0x00000000a0000000,0x00000000bb326f98,0x00000000c6100000)
 Metaspace       used 84331K, capacity 86934K, committed 87040K, reserved 1126400K
  class space    used 10482K, capacity 10981K, committed 11008K, reserved 1048576K
}
Event: 806.777 GC heap before
{Heap before GC invocations=88 (full 8):
 PSYoungGen      total 437760K, used 367525K [0x00000000e0000000, 0x0000000100000000, 0x0000000100000000)
  eden space 355840K, 100% used [0x00000000e0000000,0x00000000f5b80000,0x00000000f5b80000)
  from space 81920K, 14% used [0x00000000f5b80000,0x00000000f66e9560,0x00000000fab80000)
  to   space 82432K, 0% used [0x00000000faf80000,0x00000000faf80000,0x0000000100000000)
 ParOldGen       total 623616K, used 445595K [0x00000000a0000000, 0x00000000c6100000, 0x00000000e0000000)
  object space 623616K, 71% used [0x00000000a0000000,0x00000000bb326f98,0x00000000c6100000)
 Metaspace       used 84335K, capacity 86934K, committed 87040K, reserved 1126400K
  class space    used 10482K, capacity 10981K, committed 11008K, reserved 1048576K
Event: 806.810 GC heap after
Heap after GC invocations=88 (full 8):
 PSYoungGen      total 435712K, used 29544K [0x00000000e0000000, 0x00000000ff980000, 0x0000000100000000)
  eden space 359936K, 0% used [0x00000000e0000000,0x00000000e0000000,0x00000000f5f80000)
  from space 75776K, 38% used [0x00000000faf80000,0x00000000fcc5a218,0x00000000ff980000)
  to   space 78848K, 0% used [0x00000000f5f80000,0x00000000f5f80000,0x00000000fac80000)
 ParOldGen       total 623616K, used 450183K [0x00000000a0000000, 0x00000000c6100000, 0x00000000e0000000)
  object space 623616K, 72% used [0x00000000a0000000,0x00000000bb7a1f48,0x00000000c6100000)
 Metaspace       used 84335K, capacity 86934K, committed 87040K, reserved 1126400K
  class space    used 10482K, capacity 10981K, committed 11008K, reserved 1048576K
}
Event: 807.262 GC heap before
{Heap before GC invocations=89 (full 8):
 PSYoungGen      total 435712K, used 389480K [0x00000000e0000000, 0x00000000ff980000, 0x0000000100000000)
  eden space 359936K, 100% used [0x00000000e0000000,0x00000000f5f80000,0x00000000f5f80000)
  from space 75776K, 38% used [0x00000000faf80000,0x00000000fcc5a218,0x00000000ff980000)
  to   space 78848K, 0% used [0x00000000f5f80000,0x00000000f5f80000,0x00000000fac80000)
 ParOldGen       total 623616K, used 450183K [0x00000000a0000000, 0x00000000c6100000, 0x00000000e0000000)
  object space 623616K, 72% used [0x00000000a0000000,0x00000000bb7a1f48,0x00000000c6100000)
 Metaspace       used 84337K, capacity 86934K, committed 87040K, reserved 1126400K
  class space    used 10482K, capacity 10981K, committed 11008K, reserved 1048576K
Event: 807.293 GC heap after
Heap after GC invocations=89 (full 8):
 PSYoungGen      total 438784K, used 31824K [0x00000000e0000000, 0x00000000ffc00000, 0x0000000100000000)
  eden space 359936K, 0% used [0x00000000e0000000,0x00000000e0000000,0x00000000f5f80000)
  from space 78848K, 40% used [0x00000000f5f80000,0x00000000f7e94010,0x00000000fac80000)
  to   space 75264K, 0% used [0x00000000fb280000,0x00000000fb280000,0x00000000ffc00000)
 ParOldGen       total 623616K, used 450963K [0x00000000a0000000, 0x00000000c6100000, 0x00000000e0000000)
  object space 623616K, 72% used [0x00000000a0000000,0x00000000bb864f88,0x00000000c6100000)
 Metaspace       used 84337K, capacity 86934K, committed 87040K, reserved 1126400K
  class space    used 10482K, capacity 10981K, committed 11008K, reserved 1048576K
}
Event: 808.181 GC heap before
{Heap before GC invocations=90 (full 8):
 PSYoungGen      total 438784K, used 391760K [0x00000000e0000000, 0x00000000ffc00000, 0x0000000100000000)
  eden space 359936K, 100% used [0x00000000e0000000,0x00000000f5f80000,0x00000000f5f80000)
  from space 78848K, 40% used [0x00000000f5f80000,0x00000000f7e94010,0x00000000fac80000)
  to   space 75264K, 0% used [0x00000000fb280000,0x00000000fb280000,0x00000000ffc00000)
 ParOldGen       total 623616K, used 450963K [0x00000000a0000000, 0x00000000c6100000, 0x00000000e0000000)
  object space 623616K, 72% used [0x00000000a0000000,0x00000000bb864f88,0x00000000c6100000)
 Metaspace       used 84341K, capacity 86934K, committed 87040K, reserved 1126400K
  class space    used 10482K, capacity 10981K, committed 11008K, reserved 1048576K
Event: 808.194 GC heap after
Heap after GC invocations=90 (full 8):
 PSYoungGen      total 444416K, used 8214K [0x00000000e0000000, 0x00000000ffd80000, 0x0000000100000000)
  eden space 369152K, 0% used [0x00000000e0000000,0x00000000e0000000,0x00000000f6880000)
  from space 75264K, 10% used [0x00000000fb280000,0x00000000fba85a80,0x00000000ffc00000)
  to   space 75776K, 0% used [0x00000000f6880000,0x00000000f6880000,0x00000000fb280000)
 ParOldGen       total 623616K, used 451035K [0x00000000a0000000, 0x00000000c6100000, 0x00000000e0000000)
  object space 623616K, 72% used [0x00000000a0000000,0x00000000bb876f88,0x00000000c6100000)
 Metaspace       used 84341K, capacity 86934K, committed 87040K, reserved 1126400K
  class space    used 10482K, capacity 10981K, committed 11008K, reserved 1048576K
}
Event: 809.016 GC heap before
{Heap before GC invocations=91 (full 8):
 PSYoungGen      total 444416K, used 377366K [0x00000000e0000000, 0x00000000ffd80000, 0x0000000100000000)
  eden space 369152K, 100% used [0x00000000e0000000,0x00000000f6880000,0x00000000f6880000)
  from space 75264K, 10% used [0x00000000fb280000,0x00000000fba85a80,0x00000000ffc00000)
  to   space 75776K, 0% used [0x00000000f6880000,0x00000000f6880000,0x00000000fb280000)
 ParOldGen       total 623616K, used 451035K [0x00000000a0000000, 0x00000000c6100000, 0x00000000e0000000)
  object space 623616K, 72% used [0x00000000a0000000,0x00000000bb876f88,0x00000000c6100000)
 Metaspace       used 84344K, capacity 86998K, committed 87040K, reserved 1126400K
  class space    used 10482K, capacity 10981K, committed 11008K, reserved 1048576K

