# JRE version: OpenJDK Runtime Environment (8.0_112-b224) (build 1.8.0_112-release-b736)
# Java VM: OpenJDK 64-Bit Server VM (25.112-b736 mixed mode linux-amd64 compressed oops)
Heap:
 PSYoungGen      total 381440K, used 57097K [0x00000000e0000000, 0x0000000100000000, 0x0000000100000000)
  eden space 238592K, 0% used [0x00000000e0000000,0x00000000e0000000,0x00000000ee900000)
  from space 142848K, 39% used [0x00000000ee900000,0x00000000f20c24a0,0x00000000f7480000)
  to   space 134656K, 0% used [0x00000000f7c80000,0x00000000f7c80000,0x0000000100000000)
 ParOldGen       total 489472K, used 488019K [0x00000000a0000000, 0x00000000bde00000, 0x00000000e0000000)
  object space 489472K, 99% used [0x00000000a0000000,0x00000000bdc94c08,0x00000000bde00000)
 Metaspace       used 66674K, capacity 68514K, committed 68736K, reserved 1107968K
  class space    used 8868K, capacity 9269K, committed 9344K, reserved 1048576K
GC Heap History (10 events):
Event: 19.612 GC heap after
Heap after GC invocations=18 (full 4):
 PSYoungGen      total 402432K, used 79364K [0x00000000e0000000, 0x0000000100000000, 0x0000000100000000)
  eden space 297984K, 0% used [0x00000000e0000000,0x00000000e0000000,0x00000000f2300000)
  from space 104448K, 75% used [0x00000000f9a00000,0x00000000fe781340,0x0000000100000000)
  to   space 113152K, 0% used [0x00000000f2300000,0x00000000f2300000,0x00000000f9180000)
 ParOldGen       total 294912K, used 293068K [0x00000000a0000000, 0x00000000b2000000, 0x00000000e0000000)
  object space 294912K, 99% used [0x00000000a0000000,0x00000000b1e33290,0x00000000b2000000)
 Metaspace       used 66646K, capacity 68514K, committed 68736K, reserved 1107968K
  class space    used 8868K, capacity 9269K, committed 9344K, reserved 1048576K
}
Event: 19.612 GC heap before
{Heap before GC invocations=19 (full 5):
 PSYoungGen      total 402432K, used 79364K [0x00000000e0000000, 0x0000000100000000, 0x0000000100000000)
  eden space 297984K, 0% used [0x00000000e0000000,0x00000000e0000000,0x00000000f2300000)
  from space 104448K, 75% used [0x00000000f9a00000,0x00000000fe781340,0x0000000100000000)
  to   space 113152K, 0% used [0x00000000f2300000,0x00000000f2300000,0x00000000f9180000)
 ParOldGen       total 294912K, used 293068K [0x00000000a0000000, 0x00000000b2000000, 0x00000000e0000000)
  object space 294912K, 99% used [0x00000000a0000000,0x00000000b1e33290,0x00000000b2000000)
 Metaspace       used 66646K, capacity 68514K, committed 68736K, reserved 1107968K
  class space    used 8868K, capacity 9269K, committed 9344K, reserved 1048576K
Event: 21.265 GC heap after
Heap after GC invocations=19 (full 5):
 PSYoungGen      total 402432K, used 65339K [0x00000000e0000000, 0x0000000100000000, 0x0000000100000000)
  eden space 297984K, 0% used [0x00000000e0000000,0x00000000e0000000,0x00000000f2300000)
  from space 104448K, 62% used [0x00000000f9a00000,0x00000000fd9cef70,0x0000000100000000)
  to   space 113152K, 0% used [0x00000000f2300000,0x00000000f2300000,0x00000000f9180000)
 ParOldGen       total 489472K, used 294519K [0x00000000a0000000, 0x00000000bde00000, 0x00000000e0000000)
  object space 489472K, 60% used [0x00000000a0000000,0x00000000b1f9dce8,0x00000000bde00000)
 Metaspace       used 66646K, capacity 68514K, committed 68736K, reserved 1107968K
  class space    used 8868K, capacity 9269K, committed 9344K, reserved 1048576K
}
Event: 21.880 GC heap before
{Heap before GC invocations=20 (full 5):
 PSYoungGen      total 402432K, used 363323K [0x00000000e0000000, 0x0000000100000000, 0x0000000100000000)
  eden space 297984K, 100% used [0x00000000e0000000,0x00000000f2300000,0x00000000f2300000)
  from space 104448K, 62% used [0x00000000f9a00000,0x00000000fd9cef70,0x0000000100000000)
  to   space 113152K, 0% used [0x00000000f2300000,0x00000000f2300000,0x00000000f9180000)
 ParOldGen       total 489472K, used 294520K [0x00000000a0000000, 0x00000000bde00000, 0x00000000e0000000)
  object space 489472K, 60% used [0x00000000a0000000,0x00000000b1f9e370,0x00000000bde00000)
 Metaspace       used 66660K, capacity 68514K, committed 68736K, reserved 1107968K
  class space    used 8868K, capacity 9269K, committed 9344K, reserved 1048576K
Event: 22.118 GC heap after
Heap after GC invocations=20 (full 5):
 PSYoungGen      total 369664K, used 71211K [0x00000000e0000000, 0x0000000100000000, 0x0000000100000000)
  eden space 297984K, 0% used [0x00000000e0000000,0x00000000e0000000,0x00000000f2300000)
  from space 71680K, 99% used [0x00000000f2300000,0x00000000f688ad08,0x00000000f6900000)
  to   space 116736K, 0% used [0x00000000f8e00000,0x00000000f8e00000,0x0000000100000000)
 ParOldGen       total 489472K, used 352780K [0x00000000a0000000, 0x00000000bde00000, 0x00000000e0000000)
  object space 489472K, 72% used [0x00000000a0000000,0x00000000b5883148,0x00000000bde00000)
 Metaspace       used 66660K, capacity 68514K, committed 68736K, reserved 1107968K
  class space    used 8868K, capacity 9269K, committed 9344K, reserved 1048576K
}
Event: 22.614 GC heap before
{Heap before GC invocations=21 (full 5):
 PSYoungGen      total 369664K, used 369195K [0x00000000e0000000, 0x0000000100000000, 0x0000000100000000)
  eden space 297984K, 100% used [0x00000000e0000000,0x00000000f2300000,0x00000000f2300000)
  from space 71680K, 99% used [0x00000000f2300000,0x00000000f688ad08,0x00000000f6900000)
  to   space 116736K, 0% used [0x00000000f8e00000,0x00000000f8e00000,0x0000000100000000)
 ParOldGen       total 489472K, used 352780K [0x00000000a0000000, 0x00000000bde00000, 0x00000000e0000000)
  object space 489472K, 72% used [0x00000000a0000000,0x00000000b5883148,0x00000000bde00000)
 Metaspace       used 66669K, capacity 68514K, committed 68736K, reserved 1107968K
  class space    used 8868K, capacity 9269K, committed 9344K, reserved 1048576K
Event: 22.758 GC heap after
Heap after GC invocations=21 (full 5):
 PSYoungGen      total 355328K, used 116736K [0x00000000e0000000, 0x0000000100000000, 0x0000000100000000)
  eden space 238592K, 0% used [0x00000000e0000000,0x00000000e0000000,0x00000000ee900000)
  from space 116736K, 100% used [0x00000000f8e00000,0x0000000100000000,0x0000000100000000)
  to   space 142848K, 0% used [0x00000000ee900000,0x00000000ee900000,0x00000000f7480000)
 ParOldGen       total 489472K, used 371522K [0x00000000a0000000, 0x00000000bde00000, 0x00000000e0000000)
  object space 489472K, 75% used [0x00000000a0000000,0x00000000b6ad0bc0,0x00000000bde00000)
 Metaspace       used 66669K, capacity 68514K, committed 68736K, reserved 1107968K
  class space    used 8868K, capacity 9269K, committed 9344K, reserved 1048576K
}
Event: 23.179 GC heap before
{Heap before GC invocations=22 (full 5):
 PSYoungGen      total 355328K, used 355328K [0x00000000e0000000, 0x0000000100000000, 0x0000000100000000)
  eden space 238592K, 100% used [0x00000000e0000000,0x00000000ee900000,0x00000000ee900000)
  from space 116736K, 100% used [0x00000000f8e00000,0x0000000100000000,0x0000000100000000)
  to   space 142848K, 0% used [0x00000000ee900000,0x00000000ee900000,0x00000000f7480000)
 ParOldGen       total 489472K, used 371561K [0x00000000a0000000, 0x00000000bde00000, 0x00000000e0000000)
  object space 489472K, 75% used [0x00000000a0000000,0x00000000b6ada660,0x00000000bde00000)
 Metaspace       used 66674K, capacity 68514K, committed 68736K, reserved 1107968K
  class space    used 8868K, capacity 9269K, committed 9344K, reserved 1048576K
Event: 23.394 GC heap after
Heap after GC invocations=22 (full 5):
 PSYoungGen      total 381440K, used 57097K [0x00000000e0000000, 0x0000000100000000, 0x0000000100000000)
  eden space 238592K, 0% used [0x00000000e0000000,0x00000000e0000000,0x00000000ee900000)
  from space 142848K, 39% used [0x00000000ee900000,0x00000000f20c24a0,0x00000000f7480000)
  to   space 134656K, 0% used [0x00000000f7c80000,0x00000000f7c80000,0x0000000100000000)
 ParOldGen       total 489472K, used 488019K [0x00000000a0000000, 0x00000000bde00000, 0x00000000e0000000)
  object space 489472K, 99% used [0x00000000a0000000,0x00000000bdc94c08,0x00000000bde00000)
 Metaspace       used 66674K, capacity 68514K, committed 68736K, reserved 1107968K
  class space    used 8868K, capacity 9269K, committed 9344K, reserved 1048576K
}
Event: 23.394 GC heap before
{Heap before GC invocations=23 (full 6):
 PSYoungGen      total 381440K, used 57097K [0x00000000e0000000, 0x0000000100000000, 0x0000000100000000)
  eden space 238592K, 0% used [0x00000000e0000000,0x00000000e0000000,0x00000000ee900000)
  from space 142848K, 39% used [0x00000000ee900000,0x00000000f20c24a0,0x00000000f7480000)
  to   space 134656K, 0% used [0x00000000f7c80000,0x00000000f7c80000,0x0000000100000000)
 ParOldGen       total 489472K, used 488019K [0x00000000a0000000, 0x00000000bde00000, 0x00000000e0000000)
  object space 489472K, 99% used [0x00000000a0000000,0x00000000bdc94c08,0x00000000bde00000)
 Metaspace       used 66674K, capacity 68514K, committed 68736K, reserved 1107968K
  class space    used 8868K, capacity 9269K, committed 9344K, reserved 1048576K

