# JRE version: OpenJDK Runtime Environment (8.0_112-b224) (build 1.8.0_112-release-b736)
# Java VM: OpenJDK 64-Bit Server VM (25.112-b736 mixed mode linux-amd64 compressed oops)
Heap:
 PSYoungGen      total 349696K, used 166704K [0x00000000e0000000, 0x0000000100000000, 0x0000000100000000)
  eden space 175104K, 0% used [0x00000000e0000000,0x00000000e0000000,0x00000000eab00000)
  from space 174592K, 95% used [0x00000000f5580000,0x00000000ff84c0c0,0x0000000100000000)
  to   space 174592K, 0% used [0x00000000eab00000,0x00000000eab00000,0x00000000f5580000)
 ParOldGen       total 693248K, used 630108K [0x00000000a0000000, 0x00000000ca500000, 0x00000000e0000000)
  object space 693248K, 90% used [0x00000000a0000000,0x00000000c6757360,0x00000000ca500000)
 Metaspace       used 95212K, capacity 98796K, committed 102016K, reserved 1138688K
  class space    used 11627K, capacity 12233K, committed 12928K, reserved 1048576K
GC Heap History (10 events):
Event: 5537.793 GC heap after
Heap after GC invocations=206 (full 16):
 PSYoungGen      total 349696K, used 174592K [0x00000000e0000000, 0x0000000100000000, 0x0000000100000000)
  eden space 175104K, 0% used [0x00000000e0000000,0x00000000e0000000,0x00000000eab00000)
  from space 174592K, 100% used [0x00000000f5580000,0x0000000100000000,0x0000000100000000)
  to   space 174592K, 0% used [0x00000000eab00000,0x00000000eab00000,0x00000000f5580000)
 ParOldGen       total 693248K, used 456057K [0x00000000a0000000, 0x00000000ca500000, 0x00000000e0000000)
  object space 693248K, 65% used [0x00000000a0000000,0x00000000bbd5e668,0x00000000ca500000)
 Metaspace       used 95210K, capacity 98796K, committed 102016K, reserved 1138688K
  class space    used 11627K, capacity 12233K, committed 12928K, reserved 1048576K
}
Event: 5538.002 GC heap before
{Heap before GC invocations=207 (full 16):
 PSYoungGen      total 349696K, used 349696K [0x00000000e0000000, 0x0000000100000000, 0x0000000100000000)
  eden space 175104K, 100% used [0x00000000e0000000,0x00000000eab00000,0x00000000eab00000)
  from space 174592K, 100% used [0x00000000f5580000,0x0000000100000000,0x0000000100000000)
  to   space 174592K, 0% used [0x00000000eab00000,0x00000000eab00000,0x00000000f5580000)
 ParOldGen       total 693248K, used 456058K [0x00000000a0000000, 0x00000000ca500000, 0x00000000e0000000)
  object space 693248K, 65% used [0x00000000a0000000,0x00000000bbd5ebb8,0x00000000ca500000)
 Metaspace       used 95210K, capacity 98796K, committed 102016K, reserved 1138688K
  class space    used 11627K, capacity 12233K, committed 12928K, reserved 1048576K
Event: 5538.216 GC heap after
Heap after GC invocations=207 (full 16):
 PSYoungGen      total 349696K, used 174564K [0x00000000e0000000, 0x0000000100000000, 0x0000000100000000)
  eden space 175104K, 0% used [0x00000000e0000000,0x00000000e0000000,0x00000000eab00000)
  from space 174592K, 99% used [0x00000000eab00000,0x00000000f55791c8,0x00000000f5580000)
  to   space 174592K, 0% used [0x00000000f5580000,0x00000000f5580000,0x0000000100000000)
 ParOldGen       total 693248K, used 498242K [0x00000000a0000000, 0x00000000ca500000, 0x00000000e0000000)
  object space 693248K, 71% used [0x00000000a0000000,0x00000000be690860,0x00000000ca500000)
 Metaspace       used 95210K, capacity 98796K, committed 102016K, reserved 1138688K
  class space    used 11627K, capacity 12233K, committed 12928K, reserved 1048576K
}
Event: 5538.436 GC heap before
{Heap before GC invocations=208 (full 16):
 PSYoungGen      total 349696K, used 349668K [0x00000000e0000000, 0x0000000100000000, 0x0000000100000000)
  eden space 175104K, 100% used [0x00000000e0000000,0x00000000eab00000,0x00000000eab00000)
  from space 174592K, 99% used [0x00000000eab00000,0x00000000f55791c8,0x00000000f5580000)
  to   space 174592K, 0% used [0x00000000f5580000,0x00000000f5580000,0x0000000100000000)
 ParOldGen       total 693248K, used 498244K [0x00000000a0000000, 0x00000000ca500000, 0x00000000e0000000)
  object space 693248K, 71% used [0x00000000a0000000,0x00000000be691168,0x00000000ca500000)
 Metaspace       used 95210K, capacity 98796K, committed 102016K, reserved 1138688K
  class space    used 11627K, capacity 12233K, committed 12928K, reserved 1048576K
Event: 5538.657 GC heap after
Heap after GC invocations=208 (full 16):
 PSYoungGen      total 349696K, used 174469K [0x00000000e0000000, 0x0000000100000000, 0x0000000100000000)
  eden space 175104K, 0% used [0x00000000e0000000,0x00000000e0000000,0x00000000eab00000)
  from space 174592K, 99% used [0x00000000f5580000,0x00000000fffe14b8,0x0000000100000000)
  to   space 174592K, 0% used [0x00000000eab00000,0x00000000eab00000,0x00000000f5580000)
 ParOldGen       total 693248K, used 544004K [0x00000000a0000000, 0x00000000ca500000, 0x00000000e0000000)
  object space 693248K, 78% used [0x00000000a0000000,0x00000000c1341188,0x00000000ca500000)
 Metaspace       used 95210K, capacity 98796K, committed 102016K, reserved 1138688K
  class space    used 11627K, capacity 12233K, committed 12928K, reserved 1048576K
}
Event: 5538.867 GC heap before
{Heap before GC invocations=209 (full 16):
 PSYoungGen      total 349696K, used 349573K [0x00000000e0000000, 0x0000000100000000, 0x0000000100000000)
  eden space 175104K, 100% used [0x00000000e0000000,0x00000000eab00000,0x00000000eab00000)
  from space 174592K, 99% used [0x00000000f5580000,0x00000000fffe14b8,0x0000000100000000)
  to   space 174592K, 0% used [0x00000000eab00000,0x00000000eab00000,0x00000000f5580000)
 ParOldGen       total 693248K, used 544006K [0x00000000a0000000, 0x00000000ca500000, 0x00000000e0000000)
  object space 693248K, 78% used [0x00000000a0000000,0x00000000c13419a8,0x00000000ca500000)
 Metaspace       used 95210K, capacity 98796K, committed 102016K, reserved 1138688K
  class space    used 11627K, capacity 12233K, committed 12928K, reserved 1048576K
Event: 5539.067 GC heap after
Heap after GC invocations=209 (full 16):
 PSYoungGen      total 349696K, used 166659K [0x00000000e0000000, 0x0000000100000000, 0x0000000100000000)
  eden space 175104K, 0% used [0x00000000e0000000,0x00000000e0000000,0x00000000eab00000)
  from space 174592K, 95% used [0x00000000eab00000,0x00000000f4dc0f00,0x00000000f5580000)
  to   space 174592K, 0% used [0x00000000f5580000,0x00000000f5580000,0x0000000100000000)
 ParOldGen       total 693248K, used 589421K [0x00000000a0000000, 0x00000000ca500000, 0x00000000e0000000)
  object space 693248K, 85% used [0x00000000a0000000,0x00000000c3f9b458,0x00000000ca500000)
 Metaspace       used 95210K, capacity 98796K, committed 102016K, reserved 1138688K
  class space    used 11627K, capacity 12233K, committed 12928K, reserved 1048576K
}
Event: 5539.280 GC heap before
{Heap before GC invocations=210 (full 16):
 PSYoungGen      total 349696K, used 341763K [0x00000000e0000000, 0x0000000100000000, 0x0000000100000000)
  eden space 175104K, 100% used [0x00000000e0000000,0x00000000eab00000,0x00000000eab00000)
  from space 174592K, 95% used [0x00000000eab00000,0x00000000f4dc0f00,0x00000000f5580000)
  to   space 174592K, 0% used [0x00000000f5580000,0x00000000f5580000,0x0000000100000000)
 ParOldGen       total 693248K, used 589460K [0x00000000a0000000, 0x00000000ca500000, 0x00000000e0000000)
  object space 693248K, 85% used [0x00000000a0000000,0x00000000c3fa5360,0x00000000ca500000)
 Metaspace       used 95212K, capacity 98796K, committed 102016K, reserved 1138688K
  class space    used 11627K, capacity 12233K, committed 12928K, reserved 1048576K
Event: 5539.474 GC heap after
Heap after GC invocations=210 (full 16):
 PSYoungGen      total 349696K, used 166704K [0x00000000e0000000, 0x0000000100000000, 0x0000000100000000)
  eden space 175104K, 0% used [0x00000000e0000000,0x00000000e0000000,0x00000000eab00000)
  from space 174592K, 95% used [0x00000000f5580000,0x00000000ff84c0c0,0x0000000100000000)
  to   space 174592K, 0% used [0x00000000eab00000,0x00000000eab00000,0x00000000f5580000)
 ParOldGen       total 693248K, used 630108K [0x00000000a0000000, 0x00000000ca500000, 0x00000000e0000000)
  object space 693248K, 90% used [0x00000000a0000000,0x00000000c6757360,0x00000000ca500000)
 Metaspace       used 95212K, capacity 98796K, committed 102016K, reserved 1138688K
  class space    used 11627K, capacity 12233K, committed 12928K, reserved 1048576K
}
Event: 5539.474 GC heap before
{Heap before GC invocations=211 (full 17):
 PSYoungGen      total 349696K, used 166704K [0x00000000e0000000, 0x0000000100000000, 0x0000000100000000)
  eden space 175104K, 0% used [0x00000000e0000000,0x00000000e0000000,0x00000000eab00000)
  from space 174592K, 95% used [0x00000000f5580000,0x00000000ff84c0c0,0x0000000100000000)
  to   space 174592K, 0% used [0x00000000eab00000,0x00000000eab00000,0x00000000f5580000)
 ParOldGen       total 693248K, used 630108K [0x00000000a0000000, 0x00000000ca500000, 0x00000000e0000000)
  object space 693248K, 90% used [0x00000000a0000000,0x00000000c6757360,0x00000000ca500000)
 Metaspace       used 95212K, capacity 98796K, committed 102016K, reserved 1138688K
  class space    used 11627K, capacity 12233K, committed 12928K, reserved 1048576K

