# JRE version: OpenJDK Runtime Environment (8.0_112-b224) (build 1.8.0_112-release-b736)
# Java VM: OpenJDK 64-Bit Server VM (25.112-b736 mixed mode linux-amd64 compressed oops)
Heap:
 PSYoungGen      total 349696K, used 268308K [0x00000000e0000000, 0x0000000100000000, 0x0000000100000000)
  eden space 175104K, 100% used [0x00000000e0000000,0x00000000eab00000,0x00000000eab00000)
  from space 174592K, 53% used [0x00000000f5580000,0x00000000fb085330,0x0000000100000000)
  to   space 174592K, 22% used [0x00000000eab00000,0x00000000ed19b578,0x00000000f5580000)
 ParOldGen       total 546816K, used 180301K [0x00000000a0000000, 0x00000000c1600000, 0x00000000e0000000)
  object space 546816K, 32% used [0x00000000a0000000,0x00000000ab013688,0x00000000c1600000)
 Metaspace       used 94929K, capacity 100164K, committed 101248K, reserved 1138688K
  class space    used 11508K, capacity 12217K, committed 12416K, reserved 1048576K
GC Heap History (10 events):
Event: 11849.175 GC heap after
Heap after GC invocations=261 (full 18):
 PSYoungGen      total 349696K, used 0K [0x00000000e0000000, 0x0000000100000000, 0x0000000100000000)
  eden space 175104K, 0% used [0x00000000e0000000,0x00000000e0000000,0x00000000eab00000)
  from space 174592K, 0% used [0x00000000f5580000,0x00000000f5580000,0x0000000100000000)
  to   space 174592K, 0% used [0x00000000eab00000,0x00000000eab00000,0x00000000f5580000)
 ParOldGen       total 546816K, used 129828K [0x00000000a0000000, 0x00000000c1600000, 0x00000000e0000000)
  object space 546816K, 23% used [0x00000000a0000000,0x00000000a7ec92e0,0x00000000c1600000)
 Metaspace       used 94613K, capacity 99670K, committed 101248K, reserved 1138688K
  class space    used 11472K, capacity 12160K, committed 12416K, reserved 1048576K
}
Event: 11849.583 GC heap before
{Heap before GC invocations=262 (full 18):
 PSYoungGen      total 349696K, used 175104K [0x00000000e0000000, 0x0000000100000000, 0x0000000100000000)
  eden space 175104K, 100% used [0x00000000e0000000,0x00000000eab00000,0x00000000eab00000)
  from space 174592K, 0% used [0x00000000f5580000,0x00000000f5580000,0x0000000100000000)
  to   space 174592K, 0% used [0x00000000eab00000,0x00000000eab00000,0x00000000f5580000)
 ParOldGen       total 546816K, used 129828K [0x00000000a0000000, 0x00000000c1600000, 0x00000000e0000000)
  object space 546816K, 23% used [0x00000000a0000000,0x00000000a7ec92e0,0x00000000c1600000)
 Metaspace       used 94613K, capacity 99670K, committed 101248K, reserved 1138688K
  class space    used 11472K, capacity 12160K, committed 12416K, reserved 1048576K
Event: 11849.643 GC heap after
Heap after GC invocations=262 (full 18):
 PSYoungGen      total 349696K, used 60328K [0x00000000e0000000, 0x0000000100000000, 0x0000000100000000)
  eden space 175104K, 0% used [0x00000000e0000000,0x00000000e0000000,0x00000000eab00000)
  from space 174592K, 34% used [0x00000000eab00000,0x00000000ee5ea240,0x00000000f5580000)
  to   space 174592K, 0% used [0x00000000f5580000,0x00000000f5580000,0x0000000100000000)
 ParOldGen       total 546816K, used 129828K [0x00000000a0000000, 0x00000000c1600000, 0x00000000e0000000)
  object space 546816K, 23% used [0x00000000a0000000,0x00000000a7ec92e0,0x00000000c1600000)
 Metaspace       used 94613K, capacity 99670K, committed 101248K, reserved 1138688K
  class space    used 11472K, capacity 12160K, committed 12416K, reserved 1048576K
}
Event: 11850.560 GC heap before
{Heap before GC invocations=263 (full 18):
 PSYoungGen      total 349696K, used 235432K [0x00000000e0000000, 0x0000000100000000, 0x0000000100000000)
  eden space 175104K, 100% used [0x00000000e0000000,0x00000000eab00000,0x00000000eab00000)
  from space 174592K, 34% used [0x00000000eab00000,0x00000000ee5ea240,0x00000000f5580000)
  to   space 174592K, 0% used [0x00000000f5580000,0x00000000f5580000,0x0000000100000000)
 ParOldGen       total 546816K, used 129828K [0x00000000a0000000, 0x00000000c1600000, 0x00000000e0000000)
  object space 546816K, 23% used [0x00000000a0000000,0x00000000a7ec92e0,0x00000000c1600000)
 Metaspace       used 94647K, capacity 99712K, committed 101248K, reserved 1138688K
  class space    used 11476K, capacity 12167K, committed 12416K, reserved 1048576K
Event: 11850.642 GC heap after
Heap after GC invocations=263 (full 18):
 PSYoungGen      total 349696K, used 98787K [0x00000000e0000000, 0x0000000100000000, 0x0000000100000000)
  eden space 175104K, 0% used [0x00000000e0000000,0x00000000e0000000,0x00000000eab00000)
  from space 174592K, 56% used [0x00000000f5580000,0x00000000fb5f8cd8,0x0000000100000000)
  to   space 174592K, 0% used [0x00000000eab00000,0x00000000eab00000,0x00000000f5580000)
 ParOldGen       total 546816K, used 129828K [0x00000000a0000000, 0x00000000c1600000, 0x00000000e0000000)
  object space 546816K, 23% used [0x00000000a0000000,0x00000000a7ec92e0,0x00000000c1600000)
 Metaspace       used 94647K, capacity 99712K, committed 101248K, reserved 1138688K
  class space    used 11476K, capacity 12167K, committed 12416K, reserved 1048576K
}
Event: 11908.915 GC heap before
{Heap before GC invocations=264 (full 18):
 PSYoungGen      total 349696K, used 273891K [0x00000000e0000000, 0x0000000100000000, 0x0000000100000000)
  eden space 175104K, 100% used [0x00000000e0000000,0x00000000eab00000,0x00000000eab00000)
  from space 174592K, 56% used [0x00000000f5580000,0x00000000fb5f8cd8,0x0000000100000000)
  to   space 174592K, 0% used [0x00000000eab00000,0x00000000eab00000,0x00000000f5580000)
 ParOldGen       total 546816K, used 129828K [0x00000000a0000000, 0x00000000c1600000, 0x00000000e0000000)
  object space 546816K, 23% used [0x00000000a0000000,0x00000000a7ec92e0,0x00000000c1600000)
 Metaspace       used 94876K, capacity 100152K, committed 101248K, reserved 1138688K
  class space    used 11506K, capacity 12215K, committed 12416K, reserved 1048576K
Event: 11908.982 GC heap after
Heap after GC invocations=264 (full 18):
 PSYoungGen      total 349696K, used 89778K [0x00000000e0000000, 0x0000000100000000, 0x0000000100000000)
  eden space 175104K, 0% used [0x00000000e0000000,0x00000000e0000000,0x00000000eab00000)
  from space 174592K, 51% used [0x00000000eab00000,0x00000000f02aca90,0x00000000f5580000)
  to   space 174592K, 0% used [0x00000000f5580000,0x00000000f5580000,0x0000000100000000)
 ParOldGen       total 546816K, used 129828K [0x00000000a0000000, 0x00000000c1600000, 0x00000000e0000000)
  object space 546816K, 23% used [0x00000000a0000000,0x00000000a7ec92e0,0x00000000c1600000)
 Metaspace       used 94876K, capacity 100152K, committed 101248K, reserved 1138688K
  class space    used 11506K, capacity 12215K, committed 12416K, reserved 1048576K
}
Event: 11910.123 GC heap before
{Heap before GC invocations=265 (full 18):
 PSYoungGen      total 349696K, used 264882K [0x00000000e0000000, 0x0000000100000000, 0x0000000100000000)
  eden space 175104K, 100% used [0x00000000e0000000,0x00000000eab00000,0x00000000eab00000)
  from space 174592K, 51% used [0x00000000eab00000,0x00000000f02aca90,0x00000000f5580000)
  to   space 174592K, 0% used [0x00000000f5580000,0x00000000f5580000,0x0000000100000000)
 ParOldGen       total 546816K, used 129828K [0x00000000a0000000, 0x00000000c1600000, 0x00000000e0000000)
  object space 546816K, 23% used [0x00000000a0000000,0x00000000a7ec92e0,0x00000000c1600000)
 Metaspace       used 94924K, capacity 100164K, committed 101248K, reserved 1138688K
  class space    used 11508K, capacity 12217K, committed 12416K, reserved 1048576K
Event: 11910.193 GC heap after
Heap after GC invocations=265 (full 18):
 PSYoungGen      total 349696K, used 93204K [0x00000000e0000000, 0x0000000100000000, 0x0000000100000000)
  eden space 175104K, 0% used [0x00000000e0000000,0x00000000e0000000,0x00000000eab00000)
  from space 174592K, 53% used [0x00000000f5580000,0x00000000fb085330,0x0000000100000000)
  to   space 174592K, 0% used [0x00000000eab00000,0x00000000eab00000,0x00000000f5580000)
 ParOldGen       total 546816K, used 129828K [0x00000000a0000000, 0x00000000c1600000, 0x00000000e0000000)
  object space 546816K, 23% used [0x00000000a0000000,0x00000000a7ec92e0,0x00000000c1600000)
 Metaspace       used 94924K, capacity 100164K, committed 101248K, reserved 1138688K
  class space    used 11508K, capacity 12217K, committed 12416K, reserved 1048576K
}
Event: 11911.324 GC heap before
{Heap before GC invocations=266 (full 18):
 PSYoungGen      total 349696K, used 268308K [0x00000000e0000000, 0x0000000100000000, 0x0000000100000000)
  eden space 175104K, 100% used [0x00000000e0000000,0x00000000eab00000,0x00000000eab00000)
  from space 174592K, 53% used [0x00000000f5580000,0x00000000fb085330,0x0000000100000000)
  to   space 174592K, 0% used [0x00000000eab00000,0x00000000eab00000,0x00000000f5580000)
 ParOldGen       total 546816K, used 129828K [0x00000000a0000000, 0x00000000c1600000, 0x00000000e0000000)
  object space 546816K, 23% used [0x00000000a0000000,0x00000000a7ec92e0,0x00000000c1600000)
 Metaspace       used 94929K, capacity 100164K, committed 101248K, reserved 1138688K
  class space    used 11508K, capacity 12217K, committed 12416K, reserved 1048576K

