# JRE version: OpenJDK Runtime Environment (8.0_112-b224) (build 1.8.0_112-release-b736)
# Java VM: OpenJDK 64-Bit Server VM (25.112-b736 mixed mode linux-amd64 compressed oops)
Heap:
 PSYoungGen      total 403968K, used 283648K [0x00000000e0000000, 0x0000000100000000, 0x0000000100000000)
  eden space 283648K, 100% used [0x00000000e0000000,0x00000000f1500000,0x00000000f1500000)
  from space 120320K, 0% used [0x00000000f8a80000,0x00000000f8a80000,0x0000000100000000)
  to   space 120320K, 0% used [0x00000000f1500000,0x00000000f1500000,0x00000000f8a80000)
 ParOldGen       total 1048576K, used 1048510K [0x00000000a0000000, 0x00000000e0000000, 0x00000000e0000000)
  object space 1048576K, 99% used [0x00000000a0000000,0x00000000dffef860,0x00000000e0000000)
 Metaspace       used 90628K, capacity 96628K, committed 96768K, reserved 1134592K
  class space    used 10998K, capacity 11708K, committed 11776K, reserved 1048576K
GC Heap History (10 events):
Event: 9656.093 GC heap after
Heap after GC invocations=214 (full 18):
 PSYoungGen      total 401920K, used 73875K [0x00000000e0000000, 0x0000000100000000, 0x0000000100000000)
  eden space 283648K, 0% used [0x00000000e0000000,0x00000000e0000000,0x00000000f1500000)
  from space 118272K, 62% used [0x00000000f8c80000,0x00000000fd4a4e80,0x0000000100000000)
  to   space 120320K, 0% used [0x00000000f1500000,0x00000000f1500000,0x00000000f8a80000)
 ParOldGen       total 1048576K, used 879844K [0x00000000a0000000, 0x00000000e0000000, 0x00000000e0000000)
  object space 1048576K, 83% used [0x00000000a0000000,0x00000000d5b39150,0x00000000e0000000)
 Metaspace       used 90666K, capacity 96712K, committed 96768K, reserved 1134592K
  class space    used 11005K, capacity 11722K, committed 11776K, reserved 1048576K
}
Event: 9656.479 GC heap before
{Heap before GC invocations=215 (full 18):
 PSYoungGen      total 401920K, used 357523K [0x00000000e0000000, 0x0000000100000000, 0x0000000100000000)
  eden space 283648K, 100% used [0x00000000e0000000,0x00000000f1500000,0x00000000f1500000)
  from space 118272K, 62% used [0x00000000f8c80000,0x00000000fd4a4e80,0x0000000100000000)
  to   space 120320K, 0% used [0x00000000f1500000,0x00000000f1500000,0x00000000f8a80000)
 ParOldGen       total 1048576K, used 879846K [0x00000000a0000000, 0x00000000e0000000, 0x00000000e0000000)
  object space 1048576K, 83% used [0x00000000a0000000,0x00000000d5b39a28,0x00000000e0000000)
 Metaspace       used 90666K, capacity 96712K, committed 96768K, reserved 1134592K
  class space    used 11005K, capacity 11722K, committed 11776K, reserved 1048576K
Event: 9656.619 GC heap after
Heap after GC invocations=215 (full 18):
 PSYoungGen      total 403968K, used 70395K [0x00000000e0000000, 0x0000000100000000, 0x0000000100000000)
  eden space 283648K, 0% used [0x00000000e0000000,0x00000000e0000000,0x00000000f1500000)
  from space 120320K, 58% used [0x00000000f1500000,0x00000000f59bec90,0x00000000f8a80000)
  to   space 120320K, 0% used [0x00000000f8a80000,0x00000000f8a80000,0x0000000100000000)
 ParOldGen       total 1048576K, used 945883K [0x00000000a0000000, 0x00000000e0000000, 0x00000000e0000000)
  object space 1048576K, 90% used [0x00000000a0000000,0x00000000d9bb6f08,0x00000000e0000000)
 Metaspace       used 90666K, capacity 96712K, committed 96768K, reserved 1134592K
  class space    used 11005K, capacity 11722K, committed 11776K, reserved 1048576K
}
Event: 9657.013 GC heap before
{Heap before GC invocations=216 (full 18):
 PSYoungGen      total 403968K, used 354043K [0x00000000e0000000, 0x0000000100000000, 0x0000000100000000)
  eden space 283648K, 100% used [0x00000000e0000000,0x00000000f1500000,0x00000000f1500000)
  from space 120320K, 58% used [0x00000000f1500000,0x00000000f59bec90,0x00000000f8a80000)
  to   space 120320K, 0% used [0x00000000f8a80000,0x00000000f8a80000,0x0000000100000000)
 ParOldGen       total 1048576K, used 945883K [0x00000000a0000000, 0x00000000e0000000, 0x00000000e0000000)
  object space 1048576K, 90% used [0x00000000a0000000,0x00000000d9bb6f18,0x00000000e0000000)
 Metaspace       used 90667K, capacity 96712K, committed 96768K, reserved 1134592K
  class space    used 11005K, capacity 11722K, committed 11776K, reserved 1048576K
Event: 9657.154 GC heap after
Heap after GC invocations=216 (full 18):
 PSYoungGen      total 403968K, used 70485K [0x00000000e0000000, 0x0000000100000000, 0x0000000100000000)
  eden space 283648K, 0% used [0x00000000e0000000,0x00000000e0000000,0x00000000f1500000)
  from space 120320K, 58% used [0x00000000f8a80000,0x00000000fcf557d0,0x0000000100000000)
  to   space 120320K, 0% used [0x00000000f1500000,0x00000000f1500000,0x00000000f8a80000)
 ParOldGen       total 1048576K, used 1009808K [0x00000000a0000000, 0x00000000e0000000, 0x00000000e0000000)
  object space 1048576K, 96% used [0x00000000a0000000,0x00000000dda24328,0x00000000e0000000)
 Metaspace       used 90667K, capacity 96712K, committed 96768K, reserved 1134592K
  class space    used 11005K, capacity 11722K, committed 11776K, reserved 1048576K
}
Event: 9657.154 GC heap before
{Heap before GC invocations=217 (full 19):
 PSYoungGen      total 403968K, used 70485K [0x00000000e0000000, 0x0000000100000000, 0x0000000100000000)
  eden space 283648K, 0% used [0x00000000e0000000,0x00000000e0000000,0x00000000f1500000)
  from space 120320K, 58% used [0x00000000f8a80000,0x00000000fcf557d0,0x0000000100000000)
  to   space 120320K, 0% used [0x00000000f1500000,0x00000000f1500000,0x00000000f8a80000)
 ParOldGen       total 1048576K, used 1009808K [0x00000000a0000000, 0x00000000e0000000, 0x00000000e0000000)
  object space 1048576K, 96% used [0x00000000a0000000,0x00000000dda24328,0x00000000e0000000)
 Metaspace       used 90667K, capacity 96712K, committed 96768K, reserved 1134592K
  class space    used 11005K, capacity 11722K, committed 11776K, reserved 1048576K
Event: 9660.589 GC heap after
Heap after GC invocations=217 (full 19):
 PSYoungGen      total 403968K, used 10537K [0x00000000e0000000, 0x0000000100000000, 0x0000000100000000)
  eden space 283648K, 0% used [0x00000000e0000000,0x00000000e0000000,0x00000000f1500000)
  from space 120320K, 8% used [0x00000000f8a80000,0x00000000f94ca7d8,0x0000000100000000)
  to   space 120320K, 0% used [0x00000000f1500000,0x00000000f1500000,0x00000000f8a80000)
 ParOldGen       total 1048576K, used 1048463K [0x00000000a0000000, 0x00000000e0000000, 0x00000000e0000000)
  object space 1048576K, 99% used [0x00000000a0000000,0x00000000dffe3fb8,0x00000000e0000000)
 Metaspace       used 90617K, capacity 96628K, committed 96768K, reserved 1134592K
  class space    used 10998K, capacity 11708K, committed 11776K, reserved 1048576K
}
Event: 9661.182 GC heap before
{Heap before GC invocations=218 (full 20):
 PSYoungGen      total 403968K, used 294185K [0x00000000e0000000, 0x0000000100000000, 0x0000000100000000)
  eden space 283648K, 100% used [0x00000000e0000000,0x00000000f1500000,0x00000000f1500000)
  from space 120320K, 8% used [0x00000000f8a80000,0x00000000f94ca7d8,0x0000000100000000)
  to   space 120320K, 0% used [0x00000000f1500000,0x00000000f1500000,0x00000000f8a80000)
 ParOldGen       total 1048576K, used 1048470K [0x00000000a0000000, 0x00000000e0000000, 0x00000000e0000000)
  object space 1048576K, 99% used [0x00000000a0000000,0x00000000dffe5a40,0x00000000e0000000)
 Metaspace       used 90626K, capacity 96628K, committed 96768K, reserved 1134592K
  class space    used 10998K, capacity 11708K, committed 11776K, reserved 1048576K
Event: 9665.280 GC heap after
Heap after GC invocations=218 (full 20):
 PSYoungGen      total 403968K, used 43832K [0x00000000e0000000, 0x0000000100000000, 0x0000000100000000)
  eden space 283648K, 15% used [0x00000000e0000000,0x00000000e2ace020,0x00000000f1500000)
  from space 120320K, 0% used [0x00000000f8a80000,0x00000000f8a80000,0x0000000100000000)
  to   space 120320K, 0% used [0x00000000f1500000,0x00000000f1500000,0x00000000f8a80000)
 ParOldGen       total 1048576K, used 1048510K [0x00000000a0000000, 0x00000000e0000000, 0x00000000e0000000)
  object space 1048576K, 99% used [0x00000000a0000000,0x00000000dffef860,0x00000000e0000000)
 Metaspace       used 90626K, capacity 96628K, committed 96768K, reserved 1134592K
  class space    used 10998K, capacity 11708K, committed 11776K, reserved 1048576K
}
Event: 9665.787 GC heap before
{Heap before GC invocations=219 (full 21):
 PSYoungGen      total 403968K, used 283648K [0x00000000e0000000, 0x0000000100000000, 0x0000000100000000)
  eden space 283648K, 100% used [0x00000000e0000000,0x00000000f1500000,0x00000000f1500000)
  from space 120320K, 0% used [0x00000000f8a80000,0x00000000f8a80000,0x0000000100000000)
  to   space 120320K, 0% used [0x00000000f1500000,0x00000000f1500000,0x00000000f8a80000)
 ParOldGen       total 1048576K, used 1048510K [0x00000000a0000000, 0x00000000e0000000, 0x00000000e0000000)
  object space 1048576K, 99% used [0x00000000a0000000,0x00000000dffef860,0x00000000e0000000)
 Metaspace       used 90628K, capacity 96628K, committed 96768K, reserved 1134592K
  class space    used 10998K, capacity 11708K, committed 11776K, reserved 1048576K

