# JRE version: OpenJDK Runtime Environment (8.0_112-b224) (build 1.8.0_112-release-b736)
# Java VM: OpenJDK 64-Bit Server VM (25.112-b736 mixed mode linux-amd64 compressed oops)
Heap:
 PSYoungGen      total 349696K, used 229372K [0x00000000e0000000, 0x0000000100000000, 0x0000000100000000)
  eden space 175104K, 100% used [0x00000000e0000000,0x00000000eab00000,0x00000000eab00000)
  from space 174592K, 31% used [0x00000000eab00000,0x00000000edfff030,0x00000000f5580000)
  to   space 174592K, 0% used [0x00000000f5580000,0x00000000f5580000,0x0000000100000000)
 ParOldGen       total 940544K, used 670280K [0x00000000a0000000, 0x00000000d9680000, 0x00000000e0000000)
  object space 940544K, 71% used [0x00000000a0000000,0x00000000c8e923b0,0x00000000d9680000)
 Metaspace       used 87990K, capacity 90350K, committed 90496K, reserved 1128448K
  class space    used 10858K, capacity 11340K, committed 11392K, reserved 1048576K
GC Heap History (10 events):
Event: 98.199 GC heap after
Heap after GC invocations=80 (full 8):
 PSYoungGen      total 317440K, used 142326K [0x00000000e0000000, 0x0000000100000000, 0x0000000100000000)
  eden space 175104K, 0% used [0x00000000e0000000,0x00000000e0000000,0x00000000eab00000)
  from space 142336K, 99% used [0x00000000f7500000,0x00000000ffffdbb0,0x0000000100000000)
  to   space 174592K, 0% used [0x00000000eab00000,0x00000000eab00000,0x00000000f5580000)
 ParOldGen       total 670720K, used 530591K [0x00000000a0000000, 0x00000000c8f00000, 0x00000000e0000000)
  object space 670720K, 79% used [0x00000000a0000000,0x00000000c0627cd0,0x00000000c8f00000)
 Metaspace       used 87982K, capacity 90350K, committed 90496K, reserved 1128448K
  class space    used 10858K, capacity 11340K, committed 11392K, reserved 1048576K
}
Event: 98.574 GC heap before
{Heap before GC invocations=81 (full 8):
 PSYoungGen      total 317440K, used 317430K [0x00000000e0000000, 0x0000000100000000, 0x0000000100000000)
  eden space 175104K, 100% used [0x00000000e0000000,0x00000000eab00000,0x00000000eab00000)
  from space 142336K, 99% used [0x00000000f7500000,0x00000000ffffdbb0,0x0000000100000000)
  to   space 174592K, 0% used [0x00000000eab00000,0x00000000eab00000,0x00000000f5580000)
 ParOldGen       total 670720K, used 530593K [0x00000000a0000000, 0x00000000c8f00000, 0x00000000e0000000)
  object space 670720K, 79% used [0x00000000a0000000,0x00000000c0628510,0x00000000c8f00000)
 Metaspace       used 87983K, capacity 90350K, committed 90496K, reserved 1128448K
  class space    used 10858K, capacity 11340K, committed 11392K, reserved 1048576K
Event: 98.756 GC heap after
Heap after GC invocations=81 (full 8):
 PSYoungGen      total 349696K, used 174587K [0x00000000e0000000, 0x0000000100000000, 0x0000000100000000)
  eden space 175104K, 0% used [0x00000000e0000000,0x00000000e0000000,0x00000000eab00000)
  from space 174592K, 99% used [0x00000000eab00000,0x00000000f557ee70,0x00000000f5580000)
  to   space 174592K, 0% used [0x00000000f5580000,0x00000000f5580000,0x0000000100000000)
 ParOldGen       total 670720K, used 532865K [0x00000000a0000000, 0x00000000c8f00000, 0x00000000e0000000)
  object space 670720K, 79% used [0x00000000a0000000,0x00000000c0860728,0x00000000c8f00000)
 Metaspace       used 87983K, capacity 90350K, committed 90496K, reserved 1128448K
  class space    used 10858K, capacity 11340K, committed 11392K, reserved 1048576K
}
Event: 99.021 GC heap before
{Heap before GC invocations=82 (full 8):
 PSYoungGen      total 349696K, used 349691K [0x00000000e0000000, 0x0000000100000000, 0x0000000100000000)
  eden space 175104K, 100% used [0x00000000e0000000,0x00000000eab00000,0x00000000eab00000)
  from space 174592K, 99% used [0x00000000eab00000,0x00000000f557ee70,0x00000000f5580000)
  to   space 174592K, 0% used [0x00000000f5580000,0x00000000f5580000,0x0000000100000000)
 ParOldGen       total 670720K, used 532865K [0x00000000a0000000, 0x00000000c8f00000, 0x00000000e0000000)
  object space 670720K, 79% used [0x00000000a0000000,0x00000000c0860728,0x00000000c8f00000)
 Metaspace       used 87983K, capacity 90350K, committed 90496K, reserved 1128448K
  class space    used 10858K, capacity 11340K, committed 11392K, reserved 1048576K
Event: 99.220 GC heap after
Heap after GC invocations=82 (full 8):
 PSYoungGen      total 349696K, used 174566K [0x00000000e0000000, 0x0000000100000000, 0x0000000100000000)
  eden space 175104K, 0% used [0x00000000e0000000,0x00000000e0000000,0x00000000eab00000)
  from space 174592K, 99% used [0x00000000f5580000,0x00000000ffff9bc0,0x0000000100000000)
  to   space 174592K, 0% used [0x00000000eab00000,0x00000000eab00000,0x00000000f5580000)
 ParOldGen       total 670720K, used 566235K [0x00000000a0000000, 0x00000000c8f00000, 0x00000000e0000000)
  object space 670720K, 84% used [0x00000000a0000000,0x00000000c28f6c30,0x00000000c8f00000)
 Metaspace       used 87983K, capacity 90350K, committed 90496K, reserved 1128448K
  class space    used 10858K, capacity 11340K, committed 11392K, reserved 1048576K
}
Event: 99.462 GC heap before
{Heap before GC invocations=83 (full 8):
 PSYoungGen      total 349696K, used 349670K [0x00000000e0000000, 0x0000000100000000, 0x0000000100000000)
  eden space 175104K, 100% used [0x00000000e0000000,0x00000000eab00000,0x00000000eab00000)
  from space 174592K, 99% used [0x00000000f5580000,0x00000000ffff9bc0,0x0000000100000000)
  to   space 174592K, 0% used [0x00000000eab00000,0x00000000eab00000,0x00000000f5580000)
 ParOldGen       total 670720K, used 566235K [0x00000000a0000000, 0x00000000c8f00000, 0x00000000e0000000)
  object space 670720K, 84% used [0x00000000a0000000,0x00000000c28f6c48,0x00000000c8f00000)
 Metaspace       used 87986K, capacity 90350K, committed 90496K, reserved 1128448K
  class space    used 10858K, capacity 11340K, committed 11392K, reserved 1048576K
Event: 99.676 GC heap after
Heap after GC invocations=83 (full 8):
 PSYoungGen      total 349696K, used 153315K [0x00000000e0000000, 0x0000000100000000, 0x0000000100000000)
  eden space 175104K, 0% used [0x00000000e0000000,0x00000000e0000000,0x00000000eab00000)
  from space 174592K, 87% used [0x00000000eab00000,0x00000000f40b8c30,0x00000000f5580000)
  to   space 174592K, 0% used [0x00000000f5580000,0x00000000f5580000,0x0000000100000000)
 ParOldGen       total 670720K, used 623238K [0x00000000a0000000, 0x00000000c8f00000, 0x00000000e0000000)
  object space 670720K, 92% used [0x00000000a0000000,0x00000000c60a1850,0x00000000c8f00000)
 Metaspace       used 87986K, capacity 90350K, committed 90496K, reserved 1128448K
  class space    used 10858K, capacity 11340K, committed 11392K, reserved 1048576K
}
Event: 99.676 GC heap before
{Heap before GC invocations=84 (full 9):
 PSYoungGen      total 349696K, used 153315K [0x00000000e0000000, 0x0000000100000000, 0x0000000100000000)
  eden space 175104K, 0% used [0x00000000e0000000,0x00000000e0000000,0x00000000eab00000)
  from space 174592K, 87% used [0x00000000eab00000,0x00000000f40b8c30,0x00000000f5580000)
  to   space 174592K, 0% used [0x00000000f5580000,0x00000000f5580000,0x0000000100000000)
 ParOldGen       total 670720K, used 623238K [0x00000000a0000000, 0x00000000c8f00000, 0x00000000e0000000)
  object space 670720K, 92% used [0x00000000a0000000,0x00000000c60a1850,0x00000000c8f00000)
 Metaspace       used 87986K, capacity 90350K, committed 90496K, reserved 1128448K
  class space    used 10858K, capacity 11340K, committed 11392K, reserved 1048576K
Event: 102.367 GC heap after
Heap after GC invocations=84 (full 9):
 PSYoungGen      total 349696K, used 54268K [0x00000000e0000000, 0x0000000100000000, 0x0000000100000000)
  eden space 175104K, 0% used [0x00000000e0000000,0x00000000e0000000,0x00000000eab00000)
  from space 174592K, 31% used [0x00000000eab00000,0x00000000edfff030,0x00000000f5580000)
  to   space 174592K, 0% used [0x00000000f5580000,0x00000000f5580000,0x0000000100000000)
 ParOldGen       total 940544K, used 670279K [0x00000000a0000000, 0x00000000d9680000, 0x00000000e0000000)
  object space 940544K, 71% used [0x00000000a0000000,0x00000000c8e91c40,0x00000000d9680000)
 Metaspace       used 87986K, capacity 90350K, committed 90496K, reserved 1128448K
  class space    used 10858K, capacity 11340K, committed 11392K, reserved 1048576K
}
Event: 102.746 GC heap before
{Heap before GC invocations=85 (full 9):
 PSYoungGen      total 349696K, used 229372K [0x00000000e0000000, 0x0000000100000000, 0x0000000100000000)
  eden space 175104K, 100% used [0x00000000e0000000,0x00000000eab00000,0x00000000eab00000)
  from space 174592K, 31% used [0x00000000eab00000,0x00000000edfff030,0x00000000f5580000)
  to   space 174592K, 0% used [0x00000000f5580000,0x00000000f5580000,0x0000000100000000)
 ParOldGen       total 940544K, used 670280K [0x00000000a0000000, 0x00000000d9680000, 0x00000000e0000000)
  object space 940544K, 71% used [0x00000000a0000000,0x00000000c8e923b0,0x00000000d9680000)
 Metaspace       used 87990K, capacity 90350K, committed 90496K, reserved 1128448K
  class space    used 10858K, capacity 11340K, committed 11392K, reserved 1048576K

