# JRE version: OpenJDK Runtime Environment (8.0_112-b224) (build 1.8.0_112-release-b736)
# Java VM: OpenJDK 64-Bit Server VM (25.112-b736 mixed mode linux-amd64 compressed oops)
Heap:
 PSYoungGen      total 445440K, used 92043K [0x00000000e0000000, 0x00000000ff880000, 0x0000000100000000)
  eden space 377344K, 16% used [0x00000000e0000000,0x00000000e3e91eb0,0x00000000f7080000)
  from space 68096K, 41% used [0x00000000fb600000,0x00000000fd150da8,0x00000000ff880000)
  to   space 69632K, 0% used [0x00000000f7080000,0x00000000f7080000,0x00000000fb480000)
 ParOldGen       total 308736K, used 262565K [0x00000000a0000000, 0x00000000b2d80000, 0x00000000e0000000)
  object space 308736K, 85% used [0x00000000a0000000,0x00000000b0069718,0x00000000b2d80000)
 Metaspace       used 81556K, capacity 86902K, committed 87168K, reserved 1126400K
  class space    used 10323K, capacity 11029K, committed 11136K, reserved 1048576K
GC Heap History (10 events):
Event: 8156.968 GC heap before
{Heap before GC invocations=48 (full 6):
 PSYoungGen      total 429056K, used 359189K [0x00000000e0000000, 0x0000000100000000, 0x0000000100000000)
  eden space 344576K, 100% used [0x00000000e0000000,0x00000000f5080000,0x00000000f5080000)
  from space 84480K, 17% used [0x00000000f5080000,0x00000000f5ec5508,0x00000000fa300000)
  to   space 83456K, 0% used [0x00000000fae80000,0x00000000fae80000,0x0000000100000000)
 ParOldGen       total 308736K, used 225889K [0x00000000a0000000, 0x00000000b2d80000, 0x00000000e0000000)
  object space 308736K, 73% used [0x00000000a0000000,0x00000000adc985f8,0x00000000b2d80000)
 Metaspace       used 79603K, capacity 84696K, committed 84864K, reserved 1124352K
  class space    used 10131K, capacity 10818K, committed 10880K, reserved 1048576K
Event: 8157.003 GC heap after
Heap after GC invocations=48 (full 6):
 PSYoungGen      total 434688K, used 41881K [0x00000000e0000000, 0x00000000ffb00000, 0x0000000100000000)
  eden space 356352K, 0% used [0x00000000e0000000,0x00000000e0000000,0x00000000f5c00000)
  from space 78336K, 53% used [0x00000000fae80000,0x00000000fd766628,0x00000000ffb00000)
  to   space 81408K, 0% used [0x00000000f5c00000,0x00000000f5c00000,0x00000000fab80000)
 ParOldGen       total 308736K, used 226689K [0x00000000a0000000, 0x00000000b2d80000, 0x00000000e0000000)
  object space 308736K, 73% used [0x00000000a0000000,0x00000000add60608,0x00000000b2d80000)
 Metaspace       used 79603K, capacity 84696K, committed 84864K, reserved 1124352K
  class space    used 10131K, capacity 10818K, committed 10880K, reserved 1048576K
}
Event: 8157.986 GC heap before
{Heap before GC invocations=49 (full 6):
 PSYoungGen      total 434688K, used 398233K [0x00000000e0000000, 0x00000000ffb00000, 0x0000000100000000)
  eden space 356352K, 100% used [0x00000000e0000000,0x00000000f5c00000,0x00000000f5c00000)
  from space 78336K, 53% used [0x00000000fae80000,0x00000000fd766628,0x00000000ffb00000)
  to   space 81408K, 0% used [0x00000000f5c00000,0x00000000f5c00000,0x00000000fab80000)
 ParOldGen       total 308736K, used 226689K [0x00000000a0000000, 0x00000000b2d80000, 0x00000000e0000000)
  object space 308736K, 73% used [0x00000000a0000000,0x00000000add60608,0x00000000b2d80000)
 Metaspace       used 79636K, capacity 84696K, committed 84864K, reserved 1124352K
  class space    used 10131K, capacity 10818K, committed 10880K, reserved 1048576K
Event: 8158.045 GC heap after
Heap after GC invocations=49 (full 6):
 PSYoungGen      total 437760K, used 40381K [0x00000000e0000000, 0x00000000ffd00000, 0x0000000100000000)
  eden space 356352K, 0% used [0x00000000e0000000,0x00000000e0000000,0x00000000f5c00000)
  from space 81408K, 49% used [0x00000000f5c00000,0x00000000f836f510,0x00000000fab80000)
  to   space 78336K, 0% used [0x00000000fb080000,0x00000000fb080000,0x00000000ffd00000)
 ParOldGen       total 308736K, used 247813K [0x00000000a0000000, 0x00000000b2d80000, 0x00000000e0000000)
  object space 308736K, 80% used [0x00000000a0000000,0x00000000af201698,0x00000000b2d80000)
 Metaspace       used 79636K, capacity 84696K, committed 84864K, reserved 1124352K
  class space    used 10131K, capacity 10818K, committed 10880K, reserved 1048576K
}
Event: 8159.441 GC heap before
{Heap before GC invocations=50 (full 6):
 PSYoungGen      total 437760K, used 396314K [0x00000000e0000000, 0x00000000ffd00000, 0x0000000100000000)
  eden space 356352K, 99% used [0x00000000e0000000,0x00000000f5b975a0,0x00000000f5c00000)
  from space 81408K, 49% used [0x00000000f5c00000,0x00000000f836f510,0x00000000fab80000)
  to   space 78336K, 0% used [0x00000000fb080000,0x00000000fb080000,0x00000000ffd00000)
 ParOldGen       total 308736K, used 247813K [0x00000000a0000000, 0x00000000b2d80000, 0x00000000e0000000)
  object space 308736K, 80% used [0x00000000a0000000,0x00000000af201698,0x00000000b2d80000)
 Metaspace       used 79649K, capacity 84696K, committed 84864K, reserved 1124352K
  class space    used 10131K, capacity 10818K, committed 10880K, reserved 1048576K
Event: 8159.474 GC heap after
Heap after GC invocations=50 (full 6):
 PSYoungGen      total 436736K, used 29510K [0x00000000e0000000, 0x00000000ff700000, 0x0000000100000000)
  eden space 364544K, 0% used [0x00000000e0000000,0x00000000e0000000,0x00000000f6400000)
  from space 72192K, 40% used [0x00000000fb080000,0x00000000fcd51bf8,0x00000000ff700000)
  to   space 75264K, 0% used [0x00000000f6400000,0x00000000f6400000,0x00000000fad80000)
 ParOldGen       total 308736K, used 256913K [0x00000000a0000000, 0x00000000b2d80000, 0x00000000e0000000)
  object space 308736K, 83% used [0x00000000a0000000,0x00000000afae46d8,0x00000000b2d80000)
 Metaspace       used 79649K, capacity 84696K, committed 84864K, reserved 1124352K
  class space    used 10131K, capacity 10818K, committed 10880K, reserved 1048576K
}
Event: 8959.232 GC heap before
{Heap before GC invocations=51 (full 6):
 PSYoungGen      total 436736K, used 394054K [0x00000000e0000000, 0x00000000ff700000, 0x0000000100000000)
  eden space 364544K, 100% used [0x00000000e0000000,0x00000000f6400000,0x00000000f6400000)
  from space 72192K, 40% used [0x00000000fb080000,0x00000000fcd51bf8,0x00000000ff700000)
  to   space 75264K, 0% used [0x00000000f6400000,0x00000000f6400000,0x00000000fad80000)
 ParOldGen       total 308736K, used 256913K [0x00000000a0000000, 0x00000000b2d80000, 0x00000000e0000000)
  object space 308736K, 83% used [0x00000000a0000000,0x00000000afae46d8,0x00000000b2d80000)
 Metaspace       used 79821K, capacity 85022K, committed 85120K, reserved 1124352K
  class space    used 10150K, capacity 10843K, committed 10880K, reserved 1048576K
Event: 8959.270 GC heap after
Heap after GC invocations=51 (full 6):
 PSYoungGen      total 439808K, used 32006K [0x00000000e0000000, 0x00000000ffc00000, 0x0000000100000000)
  eden space 364544K, 0% used [0x00000000e0000000,0x00000000e0000000,0x00000000f6400000)
  from space 75264K, 42% used [0x00000000f6400000,0x00000000f83419b8,0x00000000fad80000)
  to   space 71680K, 0% used [0x00000000fb600000,0x00000000fb600000,0x00000000ffc00000)
 ParOldGen       total 308736K, used 259641K [0x00000000a0000000, 0x00000000b2d80000, 0x00000000e0000000)
  object space 308736K, 84% used [0x00000000a0000000,0x00000000afd8e708,0x00000000b2d80000)
 Metaspace       used 79821K, capacity 85022K, committed 85120K, reserved 1124352K
  class space    used 10150K, capacity 10843K, committed 10880K, reserved 1048576K
}
Event: 9667.175 GC heap before
{Heap before GC invocations=52 (full 6):
 PSYoungGen      total 439808K, used 396550K [0x00000000e0000000, 0x00000000ffc00000, 0x0000000100000000)
  eden space 364544K, 100% used [0x00000000e0000000,0x00000000f6400000,0x00000000f6400000)
  from space 75264K, 42% used [0x00000000f6400000,0x00000000f83419b8,0x00000000fad80000)
  to   space 71680K, 0% used [0x00000000fb600000,0x00000000fb600000,0x00000000ffc00000)
 ParOldGen       total 308736K, used 259641K [0x00000000a0000000, 0x00000000b2d80000, 0x00000000e0000000)
  object space 308736K, 84% used [0x00000000a0000000,0x00000000afd8e708,0x00000000b2d80000)
 Metaspace       used 80206K, capacity 85466K, committed 85760K, reserved 1124352K
  class space    used 10199K, capacity 10893K, committed 11008K, reserved 1048576K
Event: 9667.218 GC heap after
Heap after GC invocations=52 (full 6):
 PSYoungGen      total 445440K, used 27971K [0x00000000e0000000, 0x00000000ff880000, 0x0000000100000000)
  eden space 377344K, 0% used [0x00000000e0000000,0x00000000e0000000,0x00000000f7080000)
  from space 68096K, 41% used [0x00000000fb600000,0x00000000fd150da8,0x00000000ff880000)
  to   space 69632K, 0% used [0x00000000f7080000,0x00000000f7080000,0x00000000fb480000)
 ParOldGen       total 308736K, used 262565K [0x00000000a0000000, 0x00000000b2d80000, 0x00000000e0000000)
  object space 308736K, 85% used [0x00000000a0000000,0x00000000b0069718,0x00000000b2d80000)
 Metaspace       used 80206K, capacity 85466K, committed 85760K, reserved 1124352K
  class space    used 10199K, capacity 10893K, committed 11008K, reserved 1048576K
}

