# JRE version: OpenJDK Runtime Environment (8.0_112-b224) (build 1.8.0_112-release-b736)
# Java VM: OpenJDK 64-Bit Server VM (25.112-b736 mixed mode linux-amd64 compressed oops)
Heap:
 PSYoungGen      total 349184K, used 226736K [0x00000000e0000000, 0x00000000fe480000, 0x0000000100000000)
  eden space 196096K, 100% used [0x00000000e0000000,0x00000000ebf80000,0x00000000ebf80000)
  from space 153088K, 20% used [0x00000000ebf80000,0x00000000edd6c070,0x00000000f5500000)
  to   space 146944K, 55% used [0x00000000f5500000,0x00000000fa482e20,0x00000000fe480000)
 ParOldGen       total 1048576K, used 968279K [0x00000000a0000000, 0x00000000e0000000, 0x00000000e0000000)
  object space 1048576K, 92% used [0x00000000a0000000,0x00000000db195ff8,0x00000000e0000000)
 Metaspace       used 96284K, capacity 101552K, committed 101632K, reserved 1138688K
  class space    used 11520K, capacity 12245K, committed 12288K, reserved 1048576K
GC Heap History (10 events):
Event: 15977.379 GC heap after
Heap after GC invocations=446 (full 27):
 PSYoungGen      total 350208K, used 61363K [0x00000000e0000000, 0x00000000fe900000, 0x0000000100000000)
  eden space 195584K, 0% used [0x00000000e0000000,0x00000000e0000000,0x00000000ebf00000)
  from space 154624K, 39% used [0x00000000ebf00000,0x00000000efaecdc0,0x00000000f5600000)
  to   space 147968K, 0% used [0x00000000f5880000,0x00000000f5880000,0x00000000fe900000)
 ParOldGen       total 1048576K, used 968239K [0x00000000a0000000, 0x00000000e0000000, 0x00000000e0000000)
  object space 1048576K, 92% used [0x00000000a0000000,0x00000000db18bff8,0x00000000e0000000)
 Metaspace       used 96185K, capacity 101398K, committed 101632K, reserved 1138688K
  class space    used 11506K, capacity 12226K, committed 12288K, reserved 1048576K
}
Event: 15978.202 GC heap before
{Heap before GC invocations=447 (full 27):
 PSYoungGen      total 350208K, used 256947K [0x00000000e0000000, 0x00000000fe900000, 0x0000000100000000)
  eden space 195584K, 100% used [0x00000000e0000000,0x00000000ebf00000,0x00000000ebf00000)
  from space 154624K, 39% used [0x00000000ebf00000,0x00000000efaecdc0,0x00000000f5600000)
  to   space 147968K, 0% used [0x00000000f5880000,0x00000000f5880000,0x00000000fe900000)
 ParOldGen       total 1048576K, used 968239K [0x00000000a0000000, 0x00000000e0000000, 0x00000000e0000000)
  object space 1048576K, 92% used [0x00000000a0000000,0x00000000db18bff8,0x00000000e0000000)
 Metaspace       used 96185K, capacity 101398K, committed 101632K, reserved 1138688K
  class space    used 11506K, capacity 12226K, committed 12288K, reserved 1048576K
Event: 15978.306 GC heap after
Heap after GC invocations=447 (full 27):
 PSYoungGen      total 337920K, used 119873K [0x00000000e0000000, 0x0000000100000000, 0x0000000100000000)
  eden space 189952K, 0% used [0x00000000e0000000,0x00000000e0000000,0x00000000eb980000)
  from space 147968K, 81% used [0x00000000f5880000,0x00000000fcd90540,0x00000000fe900000)
  to   space 162816K, 0% used [0x00000000eb980000,0x00000000eb980000,0x00000000f5880000)
 ParOldGen       total 1048576K, used 968239K [0x00000000a0000000, 0x00000000e0000000, 0x00000000e0000000)
  object space 1048576K, 92% used [0x00000000a0000000,0x00000000db18bff8,0x00000000e0000000)
 Metaspace       used 96185K, capacity 101398K, committed 101632K, reserved 1138688K
  class space    used 11506K, capacity 12226K, committed 12288K, reserved 1048576K
}
Event: 15979.118 GC heap before
{Heap before GC invocations=448 (full 27):
 PSYoungGen      total 337920K, used 309825K [0x00000000e0000000, 0x0000000100000000, 0x0000000100000000)
  eden space 189952K, 100% used [0x00000000e0000000,0x00000000eb980000,0x00000000eb980000)
  from space 147968K, 81% used [0x00000000f5880000,0x00000000fcd90540,0x00000000fe900000)
  to   space 162816K, 0% used [0x00000000eb980000,0x00000000eb980000,0x00000000f5880000)
 ParOldGen       total 1048576K, used 968239K [0x00000000a0000000, 0x00000000e0000000, 0x00000000e0000000)
  object space 1048576K, 92% used [0x00000000a0000000,0x00000000db18bff8,0x00000000e0000000)
 Metaspace       used 96196K, capacity 101416K, committed 101632K, reserved 1138688K
  class space    used 11508K, capacity 12229K, committed 12288K, reserved 1048576K
Event: 15979.153 GC heap after
Heap after GC invocations=448 (full 27):
 PSYoungGen      total 352768K, used 26945K [0x00000000e0000000, 0x00000000ff600000, 0x0000000100000000)
  eden space 189952K, 0% used [0x00000000e0000000,0x00000000e0000000,0x00000000eb980000)
  from space 162816K, 16% used [0x00000000eb980000,0x00000000ed3d05a0,0x00000000f5880000)
  to   space 158208K, 0% used [0x00000000f5b80000,0x00000000f5b80000,0x00000000ff600000)
 ParOldGen       total 1048576K, used 968239K [0x00000000a0000000, 0x00000000e0000000, 0x00000000e0000000)
  object space 1048576K, 92% used [0x00000000a0000000,0x00000000db18bff8,0x00000000e0000000)
 Metaspace       used 96196K, capacity 101416K, committed 101632K, reserved 1138688K
  class space    used 11508K, capacity 12229K, committed 12288K, reserved 1048576K
}
Event: 16306.525 GC heap before
{Heap before GC invocations=449 (full 27):
 PSYoungGen      total 352768K, used 216897K [0x00000000e0000000, 0x00000000ff600000, 0x0000000100000000)
  eden space 189952K, 100% used [0x00000000e0000000,0x00000000eb980000,0x00000000eb980000)
  from space 162816K, 16% used [0x00000000eb980000,0x00000000ed3d05a0,0x00000000f5880000)
  to   space 158208K, 0% used [0x00000000f5b80000,0x00000000f5b80000,0x00000000ff600000)
 ParOldGen       total 1048576K, used 968239K [0x00000000a0000000, 0x00000000e0000000, 0x00000000e0000000)
  object space 1048576K, 92% used [0x00000000a0000000,0x00000000db18bff8,0x00000000e0000000)
 Metaspace       used 96284K, capacity 101552K, committed 101632K, reserved 1138688K
  class space    used 11520K, capacity 12245K, committed 12288K, reserved 1048576K
Event: 16306.558 GC heap after
Heap after GC invocations=449 (full 27):
 PSYoungGen      total 342528K, used 28733K [0x00000000e0000000, 0x00000000fea80000, 0x0000000100000000)
  eden space 196096K, 0% used [0x00000000e0000000,0x00000000e0000000,0x00000000ebf80000)
  from space 146432K, 19% used [0x00000000f5b80000,0x00000000f778f6f0,0x00000000fea80000)
  to   space 153088K, 0% used [0x00000000ebf80000,0x00000000ebf80000,0x00000000f5500000)
 ParOldGen       total 1048576K, used 968239K [0x00000000a0000000, 0x00000000e0000000, 0x00000000e0000000)
  object space 1048576K, 92% used [0x00000000a0000000,0x00000000db18bff8,0x00000000e0000000)
 Metaspace       used 96284K, capacity 101552K, committed 101632K, reserved 1138688K
  class space    used 11520K, capacity 12245K, committed 12288K, reserved 1048576K
}
Event: 16307.127 GC heap before
{Heap before GC invocations=450 (full 27):
 PSYoungGen      total 342528K, used 224829K [0x00000000e0000000, 0x00000000fea80000, 0x0000000100000000)
  eden space 196096K, 100% used [0x00000000e0000000,0x00000000ebf80000,0x00000000ebf80000)
  from space 146432K, 19% used [0x00000000f5b80000,0x00000000f778f6f0,0x00000000fea80000)
  to   space 153088K, 0% used [0x00000000ebf80000,0x00000000ebf80000,0x00000000f5500000)
 ParOldGen       total 1048576K, used 968239K [0x00000000a0000000, 0x00000000e0000000, 0x00000000e0000000)
  object space 1048576K, 92% used [0x00000000a0000000,0x00000000db18bff8,0x00000000e0000000)
 Metaspace       used 96284K, capacity 101552K, committed 101632K, reserved 1138688K
  class space    used 11520K, capacity 12245K, committed 12288K, reserved 1048576K
Event: 16307.155 GC heap after
Heap after GC invocations=450 (full 27):
 PSYoungGen      total 349184K, used 30640K [0x00000000e0000000, 0x00000000fe480000, 0x0000000100000000)
  eden space 196096K, 0% used [0x00000000e0000000,0x00000000e0000000,0x00000000ebf80000)
  from space 153088K, 20% used [0x00000000ebf80000,0x00000000edd6c070,0x00000000f5500000)
  to   space 146944K, 0% used [0x00000000f5500000,0x00000000f5500000,0x00000000fe480000)
 ParOldGen       total 1048576K, used 968279K [0x00000000a0000000, 0x00000000e0000000, 0x00000000e0000000)
  object space 1048576K, 92% used [0x00000000a0000000,0x00000000db195ff8,0x00000000e0000000)
 Metaspace       used 96284K, capacity 101552K, committed 101632K, reserved 1138688K
  class space    used 11520K, capacity 12245K, committed 12288K, reserved 1048576K
}
Event: 16307.533 GC heap before
{Heap before GC invocations=451 (full 27):
 PSYoungGen      total 349184K, used 226736K [0x00000000e0000000, 0x00000000fe480000, 0x0000000100000000)
  eden space 196096K, 100% used [0x00000000e0000000,0x00000000ebf80000,0x00000000ebf80000)
  from space 153088K, 20% used [0x00000000ebf80000,0x00000000edd6c070,0x00000000f5500000)
  to   space 146944K, 0% used [0x00000000f5500000,0x00000000f5500000,0x00000000fe480000)
 ParOldGen       total 1048576K, used 968279K [0x00000000a0000000, 0x00000000e0000000, 0x00000000e0000000)
  object space 1048576K, 92% used [0x00000000a0000000,0x00000000db195ff8,0x00000000e0000000)
 Metaspace       used 96284K, capacity 101552K, committed 101632K, reserved 1138688K
  class space    used 11520K, capacity 12245K, committed 12288K, reserved 1048576K

