# JRE version: OpenJDK Runtime Environment (8.0_112-b224) (build 1.8.0_112-release-b736)
# Java VM: OpenJDK 64-Bit Server VM (25.112-b736 mixed mode linux-amd64 compressed oops)
Heap:
 PSYoungGen      total 349696K, used 175104K [0x00000000e0000000, 0x0000000100000000, 0x0000000100000000)
  eden space 175104K, 100% used [0x00000000e0000000,0x00000000eab00000,0x00000000eab00000)
  from space 174592K, 0% used [0x00000000eab00000,0x00000000eab00000,0x00000000f5580000)
  to   space 174592K, 0% used [0x00000000f5580000,0x00000000f5580000,0x0000000100000000)
 ParOldGen       total 1048576K, used 1048138K [0x00000000a0000000, 0x00000000e0000000, 0x00000000e0000000)
  object space 1048576K, 99% used [0x00000000a0000000,0x00000000dff92b90,0x00000000e0000000)
 Metaspace       used 93563K, capacity 97118K, committed 97408K, reserved 1134592K
  class space    used 11280K, capacity 11864K, committed 11904K, reserved 1048576K
GC Heap History (10 events):
Event: 5124.600 GC heap after
Heap after GC invocations=301 (full 27):
 PSYoungGen      total 349696K, used 120544K [0x00000000e0000000, 0x0000000100000000, 0x0000000100000000)
  eden space 175104K, 68% used [0x00000000e0000000,0x00000000e75b80a0,0x00000000eab00000)
  from space 174592K, 0% used [0x00000000eab00000,0x00000000eab00000,0x00000000f5580000)
  to   space 174592K, 0% used [0x00000000f5580000,0x00000000f5580000,0x0000000100000000)
 ParOldGen       total 1048576K, used 1048550K [0x00000000a0000000, 0x00000000e0000000, 0x00000000e0000000)
  object space 1048576K, 99% used [0x00000000a0000000,0x00000000dfff98c8,0x00000000e0000000)
 Metaspace       used 93563K, capacity 97118K, committed 97408K, reserved 1134592K
  class space    used 11280K, capacity 11864K, committed 11904K, reserved 1048576K
}
Event: 5124.639 GC heap before
{Heap before GC invocations=302 (full 28):
 PSYoungGen      total 349696K, used 175104K [0x00000000e0000000, 0x0000000100000000, 0x0000000100000000)
  eden space 175104K, 100% used [0x00000000e0000000,0x00000000eab00000,0x00000000eab00000)
  from space 174592K, 0% used [0x00000000eab00000,0x00000000eab00000,0x00000000f5580000)
  to   space 174592K, 0% used [0x00000000f5580000,0x00000000f5580000,0x0000000100000000)
 ParOldGen       total 1048576K, used 1048550K [0x00000000a0000000, 0x00000000e0000000, 0x00000000e0000000)
  object space 1048576K, 99% used [0x00000000a0000000,0x00000000dfff98c8,0x00000000e0000000)
 Metaspace       used 93563K, capacity 97118K, committed 97408K, reserved 1134592K
  class space    used 11280K, capacity 11864K, committed 11904K, reserved 1048576K
Event: 5127.977 GC heap after
Heap after GC invocations=302 (full 28):
 PSYoungGen      total 349696K, used 119249K [0x00000000e0000000, 0x0000000100000000, 0x0000000100000000)
  eden space 175104K, 68% used [0x00000000e0000000,0x00000000e74745e8,0x00000000eab00000)
  from space 174592K, 0% used [0x00000000eab00000,0x00000000eab00000,0x00000000f5580000)
  to   space 174592K, 0% used [0x00000000f5580000,0x00000000f5580000,0x0000000100000000)
 ParOldGen       total 1048576K, used 1048552K [0x00000000a0000000, 0x00000000e0000000, 0x00000000e0000000)
  object space 1048576K, 99% used [0x00000000a0000000,0x00000000dfffa100,0x00000000e0000000)
 Metaspace       used 93563K, capacity 97118K, committed 97408K, reserved 1134592K
  class space    used 11280K, capacity 11864K, committed 11904K, reserved 1048576K
}
Event: 5128.017 GC heap before
{Heap before GC invocations=303 (full 29):
 PSYoungGen      total 349696K, used 175104K [0x00000000e0000000, 0x0000000100000000, 0x0000000100000000)
  eden space 175104K, 100% used [0x00000000e0000000,0x00000000eab00000,0x00000000eab00000)
  from space 174592K, 0% used [0x00000000eab00000,0x00000000eab00000,0x00000000f5580000)
  to   space 174592K, 0% used [0x00000000f5580000,0x00000000f5580000,0x0000000100000000)
 ParOldGen       total 1048576K, used 1048552K [0x00000000a0000000, 0x00000000e0000000, 0x00000000e0000000)
  object space 1048576K, 99% used [0x00000000a0000000,0x00000000dfffa100,0x00000000e0000000)
 Metaspace       used 93563K, capacity 97118K, committed 97408K, reserved 1134592K
  class space    used 11280K, capacity 11864K, committed 11904K, reserved 1048576K
Event: 5131.409 GC heap after
Heap after GC invocations=303 (full 29):
 PSYoungGen      total 349696K, used 118171K [0x00000000e0000000, 0x0000000100000000, 0x0000000100000000)
  eden space 175104K, 67% used [0x00000000e0000000,0x00000000e7366e50,0x00000000eab00000)
  from space 174592K, 0% used [0x00000000eab00000,0x00000000eab00000,0x00000000f5580000)
  to   space 174592K, 0% used [0x00000000f5580000,0x00000000f5580000,0x0000000100000000)
 ParOldGen       total 1048576K, used 1048536K [0x00000000a0000000, 0x00000000e0000000, 0x00000000e0000000)
  object space 1048576K, 99% used [0x00000000a0000000,0x00000000dfff6300,0x00000000e0000000)
 Metaspace       used 93563K, capacity 97118K, committed 97408K, reserved 1134592K
  class space    used 11280K, capacity 11864K, committed 11904K, reserved 1048576K
}
Event: 5131.452 GC heap before
{Heap before GC invocations=304 (full 30):
 PSYoungGen      total 349696K, used 175104K [0x00000000e0000000, 0x0000000100000000, 0x0000000100000000)
  eden space 175104K, 100% used [0x00000000e0000000,0x00000000eab00000,0x00000000eab00000)
  from space 174592K, 0% used [0x00000000eab00000,0x00000000eab00000,0x00000000f5580000)
  to   space 174592K, 0% used [0x00000000f5580000,0x00000000f5580000,0x0000000100000000)
 ParOldGen       total 1048576K, used 1048536K [0x00000000a0000000, 0x00000000e0000000, 0x00000000e0000000)
  object space 1048576K, 99% used [0x00000000a0000000,0x00000000dfff6300,0x00000000e0000000)
 Metaspace       used 93563K, capacity 97118K, committed 97408K, reserved 1134592K
  class space    used 11280K, capacity 11864K, committed 11904K, reserved 1048576K
Event: 5133.832 GC heap after
Heap after GC invocations=304 (full 30):
 PSYoungGen      total 349696K, used 117198K [0x00000000e0000000, 0x0000000100000000, 0x0000000100000000)
  eden space 175104K, 66% used [0x00000000e0000000,0x00000000e7273bd8,0x00000000eab00000)
  from space 174592K, 0% used [0x00000000eab00000,0x00000000eab00000,0x00000000f5580000)
  to   space 174592K, 0% used [0x00000000f5580000,0x00000000f5580000,0x0000000100000000)
 ParOldGen       total 1048576K, used 1048573K [0x00000000a0000000, 0x00000000e0000000, 0x00000000e0000000)
  object space 1048576K, 99% used [0x00000000a0000000,0x00000000dffff788,0x00000000e0000000)
 Metaspace       used 93563K, capacity 97118K, committed 97408K, reserved 1134592K
  class space    used 11280K, capacity 11864K, committed 11904K, reserved 1048576K
}
Event: 5133.876 GC heap before
{Heap before GC invocations=305 (full 31):
 PSYoungGen      total 349696K, used 175104K [0x00000000e0000000, 0x0000000100000000, 0x0000000100000000)
  eden space 175104K, 100% used [0x00000000e0000000,0x00000000eab00000,0x00000000eab00000)
  from space 174592K, 0% used [0x00000000eab00000,0x00000000eab00000,0x00000000f5580000)
  to   space 174592K, 0% used [0x00000000f5580000,0x00000000f5580000,0x0000000100000000)
 ParOldGen       total 1048576K, used 1048573K [0x00000000a0000000, 0x00000000e0000000, 0x00000000e0000000)
  object space 1048576K, 99% used [0x00000000a0000000,0x00000000dffff788,0x00000000e0000000)
 Metaspace       used 93563K, capacity 97118K, committed 97408K, reserved 1134592K
  class space    used 11280K, capacity 11864K, committed 11904K, reserved 1048576K
Event: 5137.317 GC heap after
Heap after GC invocations=305 (full 31):
 PSYoungGen      total 349696K, used 117032K [0x00000000e0000000, 0x0000000100000000, 0x0000000100000000)
  eden space 175104K, 66% used [0x00000000e0000000,0x00000000e724a338,0x00000000eab00000)
  from space 174592K, 0% used [0x00000000eab00000,0x00000000eab00000,0x00000000f5580000)
  to   space 174592K, 0% used [0x00000000f5580000,0x00000000f5580000,0x0000000100000000)
 ParOldGen       total 1048576K, used 1048138K [0x00000000a0000000, 0x00000000e0000000, 0x00000000e0000000)
  object space 1048576K, 99% used [0x00000000a0000000,0x00000000dff92b90,0x00000000e0000000)
 Metaspace       used 93563K, capacity 97118K, committed 97408K, reserved 1134592K
  class space    used 11280K, capacity 11864K, committed 11904K, reserved 1048576K
}
Event: 5137.363 GC heap before
{Heap before GC invocations=306 (full 32):
 PSYoungGen      total 349696K, used 175104K [0x00000000e0000000, 0x0000000100000000, 0x0000000100000000)
  eden space 175104K, 100% used [0x00000000e0000000,0x00000000eab00000,0x00000000eab00000)
  from space 174592K, 0% used [0x00000000eab00000,0x00000000eab00000,0x00000000f5580000)
  to   space 174592K, 0% used [0x00000000f5580000,0x00000000f5580000,0x0000000100000000)
 ParOldGen       total 1048576K, used 1048138K [0x00000000a0000000, 0x00000000e0000000, 0x00000000e0000000)
  object space 1048576K, 99% used [0x00000000a0000000,0x00000000dff92b90,0x00000000e0000000)
 Metaspace       used 93563K, capacity 97118K, committed 97408K, reserved 1134592K
  class space    used 11280K, capacity 11864K, committed 11904K, reserved 1048576K

